<?xml version="1.0" encoding="UTF-8"?>
<!-- Generated by org.testng.reporters.JUnitReportReporter -->
<testsuite hostname="LAPTOP-MB806K91" name="QuantInsti_Assignment.quantInsti_Test" tests="1" failures="0" timestamp="27 Aug 2020 04:48:15 GMT" time="27.721" errors="0">
  <testcase name="login" time="27.721" classname="QuantInsti_Assignment.quantInsti_Test"/>
</testsuite> <!-- QuantInsti_Assignment.quantInsti_Test -->
